<?xml version="1.0"?>
<testsuite name="NativeScript / 36 (16; moto g86 5G)" package="" timestamp="2026-09-05T01:10:33" id="0" hostname="Warx" tests="4" errors="0" failures="0" time="0.017">
  <properties>
    <property name="browser.fullName" value="NativeScript / 36 (16; moto g86 5G)"/>
  </properties>
  <testcase name="NewsReducer should return the initial state when an unknown action is passed" time="0.005" classname="NewsReducer"/>
  <testcase name="NewsReducer should not duplicate a news item if it already exists in favorites" time="0.001" classname="NewsReducer"/>
  <testcase name="NewsReducer should add a news item to favorites when it does not exist" time="0.01" classname="NewsReducer"/>
  <testcase name="A suite contains spec with an expectation" time="0.001" classname="A suite"/>
  <system-out>
    <![CDATA[
]]>
  </system-out>
  <system-err/>
</testsuite>